{"/home/runner/work/when/when/build/index.js": {"path":"/home/runner/work/when/when/build/index.js","statementMap":{"0":{"start":{"line":1,"column":0},"end":{"line":1,"column":208}},"1":{"start":{"line":1,"column":46},"end":{"line":1,"column":48}},"2":{"start":{"line":1,"column":49},"end":{"line":1,"column":204}},"3":{"start":{"line":1,"column":87},"end":{"line":1,"column":110}},"4":{"start":{"line":1,"column":150},"end":{"line":1,"column":158}},"5":{"start":{"line":1,"column":159},"end":{"line":1,"column":197}}},"fnMap":{"0":{"name":"(anonymous_0)","decl":{"start":{"line":1,"column":15},"end":{"line":1,"column":16}},"loc":{"start":{"line":1,"column":25},"end":{"line":1,"column":205}},"line":1},"1":{"name":"t","decl":{"start":{"line":1,"column":35},"end":{"line":1,"column":36}},"loc":{"start":{"line":1,"column":38},"end":{"line":1,"column":40}},"line":1},"2":{"name":"(anonymous_2)","decl":{"start":{"line":1,"column":73},"end":{"line":1,"column":74}},"loc":{"start":{"line":1,"column":86},"end":{"line":1,"column":111}},"line":1},"3":{"name":"(anonymous_3)","decl":{"start":{"line":1,"column":132},"end":{"line":1,"column":133}},"loc":{"start":{"line":1,"column":143},"end":{"line":1,"column":198}},"line":1}},"branchMap":{"0":{"loc":{"start":{"line":1,"column":94},"end":{"line":1,"column":105}},"type":"binary-expr","locations":[{"start":{"line":1,"column":94},"end":{"line":1,"column":95}},{"start":{"line":1,"column":97},"end":{"line":1,"column":98}},{"start":{"line":1,"column":101},"end":{"line":1,"column":104}}],"line":1},"1":{"loc":{"start":{"line":1,"column":150},"end":{"line":1,"column":158}},"type":"binary-expr","locations":[{"start":{"line":1,"column":150},"end":{"line":1,"column":151}},{"start":{"line":1,"column":153},"end":{"line":1,"column":154}},{"start":{"line":1,"column":156},"end":{"line":1,"column":158}}],"line":1},"2":{"loc":{"start":{"line":1,"column":171},"end":{"line":1,"column":197}},"type":"cond-expr","locations":[{"start":{"line":1,"column":192},"end":{"line":1,"column":195}},{"start":{"line":1,"column":196},"end":{"line":1,"column":197}}],"line":1}},"s":{"0":1,"1":1,"2":1,"3":11,"4":6,"5":6},"f":{"0":1,"1":1,"2":11,"3":6},"b":{"0":[11,11,3],"1":[6,3,2],"2":[3,3]},"_coverageSchema":"1a1c01bbd47fc00a2c39e90264f33305004495a9","hash":"6a13a435d5cb954c2c8122e38cdc4869928e0e24"}
}
